[debug] [2022-09-16T09:11:47.772Z] ----------------------------------------------------------------------
[debug] [2022-09-16T09:11:47.774Z] Command:       C:\Program Files\nodejs\node.exe C:\Users\Dell\AppData\Roaming\npm\node_modules\firebase-tools\lib\bin\firebase.js init
[debug] [2022-09-16T09:11:47.774Z] CLI Version:   11.9.0
[debug] [2022-09-16T09:11:47.774Z] Platform:      win32
[debug] [2022-09-16T09:11:47.774Z] Node Version:  v16.14.0
[debug] [2022-09-16T09:11:47.775Z] Time:          Fri Sep 16 2022 14:41:47 GMT+0530 (India Standard Time)
[debug] [2022-09-16T09:11:47.775Z] ----------------------------------------------------------------------
[debug] 
[debug] [2022-09-16T09:11:47.778Z] >>> [apiv2][query] GET https://firebase-public.firebaseio.com/cli.json [none]
[debug] [2022-09-16T09:11:47.802Z] > command requires scopes: ["email","openid","https://www.googleapis.com/auth/cloudplatformprojects.readonly","https://www.googleapis.com/auth/firebase","https://www.googleapis.com/auth/cloud-platform"]
[debug] [2022-09-16T09:11:47.803Z] > authorizing via signed-in user (nirmalyaganguly1999@gmail.com)
[info] 
     ######## #### ########  ######## ########     ###     ######  ########
     ##        ##  ##     ## ##       ##     ##  ##   ##  ##       ##
     ######    ##  ########  ######   ########  #########  ######  ######
     ##        ##  ##    ##  ##       ##     ## ##     ##       ## ##
     ##       #### ##     ## ######## ########  ##     ##  ######  ########

You're about to initialize a Firebase project in this directory:

  C:\Users\Dell\OneDrive\Desktop\Angular Projects\amazon-clone

[debug] [2022-09-16T09:11:48.571Z] <<< [apiv2][status] GET https://firebase-public.firebaseio.com/cli.json 200
[debug] [2022-09-16T09:11:48.571Z] <<< [apiv2][body] GET https://firebase-public.firebaseio.com/cli.json {"cloudBuildErrorAfter":1594252800000,"cloudBuildWarnAfter":1590019200000,"defaultNode10After":1594252800000,"minVersion":"3.0.5","node8DeploysDisabledAfter":1613390400000,"node8RuntimeDisabledAfter":1615809600000,"node8WarnAfter":1600128000000}
